<?xml version="1.0" encoding="UTF-8"?>
<!-- Generated by org.testng.reporters.JUnitReportReporter -->
<testsuite hostname="pc-ThinkPad-T560" failures="0" tests="3" name="com.qa.test.LoginTests" time="20.186" errors="0" timestamp="2023-06-07T19:53:49 TRT" skipped="0">
  <testcase classname="com.qa.test.LoginTests" name="invalidUserName" time="3.808"/>
  <system-out/>
  <testcase classname="com.qa.test.LoginTests" name="successfullyLogin" time="3.768"/>
  <system-out/>
  <testcase classname="com.qa.test.LoginTests" name="invalidPassword" time="12.610"/>
  <system-out/>
</testsuite> <!-- com.qa.test.LoginTests -->
