<?xml version="1.0" encoding="UTF-8"?>
<!-- Generated by org.testng.reporters.JUnitReportReporter -->
<testsuite hostname="pc-ThinkPad-T560" failures="0" tests="2" name="com.qa.test.ProductsTest" time="51.277" errors="0" timestamp="2023-06-07T19:55:14 TRT" skipped="0">
  <testcase classname="com.qa.test.ProductsTest" name="validateProductsonProductPage" time="16.503"/>
  <system-out/>
  <testcase classname="com.qa.test.ProductsTest" name="validateProductsDetailonProductPage" time="34.774"/>
  <system-out/>
</testsuite> <!-- com.qa.test.ProductsTest -->
